#
# There is insufficient memory for the Java Runtime Environment to continue.
# Native memory allocation (malloc) failed to allocate 982928 bytes for Chunk::new
# Possible reasons:
#   The system is out of physical RAM or swap space
#   In 32 bit mode, the process size limit was hit
# Possible solutions:
#   Reduce memory load on the system
#   Increase physical memory or swap space
#   Check if swap backing store is full
#   Use 64 bit Java on a 64 bit OS
#   Decrease Java heap size (-Xmx/-Xms)
#   Decrease number of Java threads
#   Decrease Java thread stack sizes (-Xss)
#   Set larger code cache with -XX:ReservedCodeCacheSize=
# This output file may be truncated or incomplete.
#
#  Out of Memory Error (allocation.cpp:390), pid=320, tid=0x0000000000003628
#
# JRE version: OpenJDK Runtime Environment (8.0_152-b02) (build 1.8.0_152-release-1024-b02)
# Java VM: OpenJDK 64-Bit Server VM (25.152-b02 mixed mode windows-amd64 compressed oops)
# Failed to write core dump. Minidumps are not enabled by default on client versions of Windows
#

---------------  T H R E A D  ---------------

Current thread (0x000000001812a800):  JavaThread "C2 CompilerThread0" daemon [_thread_in_native, id=13864, stack(0x0000000019780000,0x0000000019880000)]

Stack: [0x0000000019780000,0x0000000019880000]
[error occurred during error reporting (printing stack bounds), id 0xc0000005]

Native frames: (J=compiled Java code, j=interpreted, Vv=VM code, C=native code)


Current CompileTask:
C2: 126523 8731       4       java.lang.Class::privateGetMethodRecursive (130 bytes)


---------------  P R O C E S S  ---------------

Java Threads: ( => current thread )
  0x000000001e406000 JavaThread "Memory manager" [_thread_blocked, id=4160, stack(0x0000000022dc0000,0x0000000022ec0000)]
  0x000000001e407000 JavaThread "build operations Thread 4" [_thread_blocked, id=1196, stack(0x00000000228c0000,0x00000000229c0000)]
  0x000000001e409000 JavaThread "build operations Thread 3" [_thread_blocked, id=11292, stack(0x00000000227c0000,0x00000000228c0000)]
  0x000000001e40a000 JavaThread "build operations Thread 2" [_thread_blocked, id=1068, stack(0x00000000226c0000,0x00000000227c0000)]
  0x000000001a4b3000 JavaThread "build operations" [_thread_blocked, id=3812, stack(0x00000000222f0000,0x00000000223f0000)]
  0x000000001a4b5800 JavaThread "Cache worker for Artifact transforms cache (C:\Users\Wijayanto A.P\.gradle\caches\transforms-1)" [_thread_blocked, id=5236, stack(0x00000000205e0000,0x00000000206e0000)]
  0x000000001e34d800 JavaThread "Cache worker for file hash cache (E:\AndroidStudioProjects\APUPreloved\.gradle\4.4\fileHashes)" [_thread_blocked, id=11400, stack(0x000000001ec70000,0x000000001ed70000)]
  0x000000001d146000 JavaThread "File lock request listener" [_thread_in_native, id=6852, stack(0x000000001dba0000,0x000000001dca0000)]
  0x000000001d14e800 JavaThread "Cache worker for file hash cache (C:\Users\Wijayanto A.P\.gradle\caches\4.4\fileHashes)" [_thread_blocked, id=7556, stack(0x000000001daa0000,0x000000001dba0000)]
  0x000000001b177000 JavaThread "Asynchronous log dispatcher for DefaultDaemonConnection: socket connection from /127.0.0.1:53536 to /127.0.0.1:53537" [_thread_blocked, id=836, stack(0x000000001c6d0000,0x000000001c7d0000)]
  0x000000001b17e800 JavaThread "Daemon worker" [_thread_in_vm, id=11008, stack(0x000000001c5d0000,0x000000001c6d0000)]
  0x000000001b17b800 JavaThread "Cancel handler" [_thread_blocked, id=6884, stack(0x000000001c4d0000,0x000000001c5d0000)]
  0x0000000019d6e000 JavaThread "Handler for socket connection from /127.0.0.1:53536 to /127.0.0.1:53537" [_thread_in_native, id=11608, stack(0x000000001c1d0000,0x000000001c2d0000)]
  0x0000000019d6b000 JavaThread "Daemon" [_thread_blocked, id=1208, stack(0x000000001c0d0000,0x000000001c1d0000)]
  0x000000001b122000 JavaThread "Daemon periodic checks" [_thread_blocked, id=10784, stack(0x000000001bfd0000,0x000000001c0d0000)]
  0x000000001b154800 JavaThread "Incoming local TCP Connector on port 53536" [_thread_in_native, id=4344, stack(0x000000001bd90000,0x000000001be90000)]
  0x000000001818e800 JavaThread "Service Thread" daemon [_thread_blocked, id=7384, stack(0x0000000019e80000,0x0000000019f80000)]
  0x0000000018132000 JavaThread "C1 CompilerThread2" daemon [_thread_blocked, id=8024, stack(0x0000000019980000,0x0000000019a80000)]
  0x000000001812f000 JavaThread "C2 CompilerThread1" daemon [_thread_in_native, id=13992, stack(0x0000000019880000,0x0000000019980000)]
=>0x000000001812a800 JavaThread "C2 CompilerThread0" daemon [_thread_in_native, id=13864, stack(0x0000000019780000,0x0000000019880000)]
  0x0000000018128000 JavaThread "Attach Listener" daemon [_thread_blocked, id=11096, stack(0x0000000019680000,0x0000000019780000)]
  0x0000000018136000 JavaThread "Signal Dispatcher" daemon [_thread_blocked, id=14656, stack(0x0000000019580000,0x0000000019680000)]
  0x0000000018118800 JavaThread "Finalizer" daemon [_thread_blocked, id=10872, stack(0x0000000019390000,0x0000000019490000)]
  0x00000000047b1000 JavaThread "Reference Handler" daemon [_thread_blocked, id=11696, stack(0x0000000019290000,0x0000000019390000)]
  0x00000000046be000 JavaThread "main" [_thread_blocked, id=10192, stack(0x0000000004540000,0x0000000004640000)]

Other Threads:
  0x00000000180f6800 VMThread [stack: 0x0000000019190000,0x0000000019290000] [id=15012]
  0x0000000019ab0800 WatcherThread [stack: 0x0000000019f80000,0x000000001a080000] [id=14984]

VM state:not at safepoint (normal execution)

VM Mutex/Monitor currently owned by a thread: None

Heap:
 PSYoungGen      total 378880K, used 78742K [0x00000000e0000000, 0x00000000f8980000, 0x0000000100000000)
  eden space 362496K, 21% used [0x00000000e0000000,0x00000000e4ce5ae8,0x00000000f6200000)
  from space 16384K, 0% used [0x00000000f6200000,0x00000000f6200000,0x00000000f7200000)
  to   space 15872K, 0% used [0x00000000f7200000,0x00000000f7200000,0x00000000f8180000)
 ParOldGen       total 143360K, used 39525K [0x00000000a0000000, 0x00000000a8c00000, 0x00000000e0000000)
  object space 143360K, 27% used [0x00000000a0000000,0x00000000a2699438,0x00000000a8c00000)
 Metaspace       used 61605K, capacity 63308K, committed 63448K, reserved 1103872K
  class space    used 8181K, capacity 8647K, committed 8704K, reserved 1048576K

Card table byte_map: [0x0000000013b80000,0x0000000013e90000] byte_map_base: 0x0000000013680000

Marking Bits: (ParMarkBitMap*) 0x000000005d554970
 Begin Bits: [0x0000000014490000, 0x0000000015c90000)
 End Bits:   [0x0000000015c90000, 0x0000000017490000)

Polling page: 0x0000000004440000

CodeCache: size=245760Kb used=24890Kb max_used=25790Kb free=220869Kb
 bounds [0x00000000047c0000, 0x0000000006120000, 0x00000000137c0000]
 total_blobs=8185 nmethods=7373 adapters=724
 compilation: enabled

Compilation events (10 events):
Event: 126.388 Thread 0x0000000018132000 nmethod 8882 0x0000000004d543d0 code [0x0000000004d54540, 0x0000000004d547f0]
Event: 126.402 Thread 0x0000000018132000 8883       3       com.google.common.collect.RegularImmutableSortedSet::iterator (5 bytes)
Event: 126.403 Thread 0x0000000018132000 nmethod 8883 0x0000000004b82f10 code [0x0000000004b83080, 0x0000000004b83368]
Event: 126.403 Thread 0x0000000018132000 8886       3       com.google.common.cache.LocalCache$Segment::getLiveValue (61 bytes)
Event: 126.405 Thread 0x0000000018132000 nmethod 8886 0x0000000004df3110 code [0x0000000004df3460, 0x0000000004df50d8]
Event: 126.406 Thread 0x0000000018132000 8884       3       com.google.common.collect.RegularImmutableSortedSet::iterator (8 bytes)
Event: 126.406 Thread 0x0000000018132000 nmethod 8884 0x0000000004b82ad0 code [0x0000000004b82c40, 0x0000000004b82e68]
Event: 126.411 Thread 0x0000000018132000 8887       3       org.gradle.api.internal.AsmBackedClassGenerator$ClassBuilderImpl::access$500 (4 bytes)
Event: 126.411 Thread 0x0000000018132000 nmethod 8887 0x0000000004b827d0 code [0x0000000004b82920, 0x0000000004b82a50]
Event: 126.473 Thread 0x0000000018132000 8888       3       sun.reflect.AccessorGenerator::isPrimitive (20 bytes)

GC Heap History (10 events):
Event: 54.536 GC heap before
{Heap before GC invocations=10 (full 2):
 PSYoungGen      total 220672K, used 205824K [0x00000000e0000000, 0x00000000f5600000, 0x0000000100000000)
  eden space 205824K, 100% used [0x00000000e0000000,0x00000000ec900000,0x00000000ec900000)
  from space 14848K, 0% used [0x00000000ec900000,0x00000000ec900000,0x00000000ed780000)
  to   space 15872K, 0% used [0x00000000f4680000,0x00000000f4680000,0x00000000f5600000)
 ParOldGen       total 95744K, used 18213K [0x00000000a0000000, 0x00000000a5d80000, 0x00000000e0000000)
  object space 95744K, 19% used [0x00000000a0000000,0x00000000a11c9610,0x00000000a5d80000)
 Metaspace       used 40834K, capacity 41648K, committed 41944K, reserved 1085440K
  class space    used 5302K, capacity 5567K, committed 5632K, reserved 1048576K
Event: 54.556 GC heap after
Heap after GC invocations=10 (full 2):
 PSYoungGen      total 303104K, used 6574K [0x00000000e0000000, 0x00000000f4d00000, 0x0000000100000000)
  eden space 296448K, 0% used [0x00000000e0000000,0x00000000e0000000,0x00000000f2180000)
  from space 6656K, 98% used [0x00000000f4680000,0x00000000f4ceb938,0x00000000f4d00000)
  to   space 15872K, 0% used [0x00000000f2e00000,0x00000000f2e00000,0x00000000f3d80000)
 ParOldGen       total 95744K, used 18316K [0x00000000a0000000, 0x00000000a5d80000, 0x00000000e0000000)
  object space 95744K, 19% used [0x00000000a0000000,0x00000000a11e3280,0x00000000a5d80000)
 Metaspace       used 40834K, capacity 41648K, committed 41944K, reserved 1085440K
  class space    used 5302K, capacity 5567K, committed 5632K, reserved 1048576K
}
Event: 106.166 GC heap before
{Heap before GC invocations=11 (full 2):
 PSYoungGen      total 303104K, used 303022K [0x00000000e0000000, 0x00000000f4d00000, 0x0000000100000000)
  eden space 296448K, 100% used [0x00000000e0000000,0x00000000f2180000,0x00000000f2180000)
  from space 6656K, 98% used [0x00000000f4680000,0x00000000f4ceb938,0x00000000f4d00000)
  to   space 15872K, 0% used [0x00000000f2e00000,0x00000000f2e00000,0x00000000f3d80000)
 ParOldGen       total 95744K, used 18316K [0x00000000a0000000, 0x00000000a5d80000, 0x00000000e0000000)
  object space 95744K, 19% used [0x00000000a0000000,0x00000000a11e3280,0x00000000a5d80000)
 Metaspace       used 40971K, capacity 41782K, committed 42200K, reserved 1085440K
  class space    used 5303K, capacity 5568K, committed 5632K, reserved 1048576K
Event: 106.183 GC heap after
Heap after GC invocations=11 (full 2):
 PSYoungGen      total 325120K, used 5027K [0x00000000e0000000, 0x00000000f8180000, 0x0000000100000000)
  eden space 309248K, 0% used [0x00000000e0000000,0x00000000e0000000,0x00000000f2e00000)
  from space 15872K, 31% used [0x00000000f2e00000,0x00000000f32e8c90,0x00000000f3d80000)
  to   space 15872K, 0% used [0x00000000f7200000,0x00000000f7200000,0x00000000f8180000)
 ParOldGen       total 95744K, used 18324K [0x00000000a0000000, 0x00000000a5d80000, 0x00000000e0000000)
  object space 95744K, 19% used [0x00000000a0000000,0x00000000a11e5280,0x00000000a5d80000)
 Metaspace       used 40971K, capacity 41782K, committed 42200K, reserved 1085440K
  class space    used 5303K, capacity 5568K, committed 5632K, reserved 1048576K
}
Event: 116.888 GC heap before
{Heap before GC invocations=12 (full 2):
 PSYoungGen      total 325120K, used 314275K [0x00000000e0000000, 0x00000000f8180000, 0x0000000100000000)
  eden space 309248K, 100% used [0x00000000e0000000,0x00000000f2e00000,0x00000000f2e00000)
  from space 15872K, 31% used [0x00000000f2e00000,0x00000000f32e8c90,0x00000000f3d80000)
  to   space 15872K, 0% used [0x00000000f7200000,0x00000000f7200000,0x00000000f8180000)
 ParOldGen       total 95744K, used 18324K [0x00000000a0000000, 0x00000000a5d80000, 0x00000000e0000000)
  object space 95744K, 19% used [0x00000000a0000000,0x00000000a11e5280,0x00000000a5d80000)
 Metaspace       used 46587K, capacity 47614K, committed 48088K, reserved 1091584K
  class space    used 5994K, capacity 6301K, committed 6400K, reserved 1048576K
Event: 116.918 GC heap after
Heap after GC invocations=12 (full 2):
 PSYoungGen      total 378368K, used 12529K [0x00000000e0000000, 0x00000000f8980000, 0x0000000100000000)
  eden space 362496K, 0% used [0x00000000e0000000,0x00000000e0000000,0x00000000f6200000)
  from space 15872K, 78% used [0x00000000f7200000,0x00000000f7e3c430,0x00000000f8180000)
  to   space 16384K, 0% used [0x00000000f6200000,0x00000000f6200000,0x00000000f7200000)
 ParOldGen       total 95744K, used 18332K [0x00000000a0000000, 0x00000000a5d80000, 0x00000000e0000000)
  object space 95744K, 19% used [0x00000000a0000000,0x00000000a11e7280,0x00000000a5d80000)
 Metaspace       used 46587K, capacity 47614K, committed 48088K, reserved 1091584K
  class space    used 5994K, capacity 6301K, committed 6400K, reserved 1048576K
}
Event: 123.361 GC heap before
{Heap before GC invocations=13 (full 2):
 PSYoungGen      total 378368K, used 178831K [0x00000000e0000000, 0x00000000f8980000, 0x0000000100000000)
  eden space 362496K, 45% used [0x00000000e0000000,0x00000000ea267b20,0x00000000f6200000)
  from space 15872K, 78% used [0x00000000f7200000,0x00000000f7e3c430,0x00000000f8180000)
  to   space 16384K, 0% used [0x00000000f6200000,0x00000000f6200000,0x00000000f7200000)
 ParOldGen       total 95744K, used 18332K [0x00000000a0000000, 0x00000000a5d80000, 0x00000000e0000000)
  object space 95744K, 19% used [0x00000000a0000000,0x00000000a11e7280,0x00000000a5d80000)
 Metaspace       used 57518K, capacity 58968K, committed 59028K, reserved 1099776K
  class space    used 7497K, capacity 7887K, committed 7936K, reserved 1048576K
Event: 123.409 GC heap after
Heap after GC invocations=13 (full 2):
 PSYoungGen      total 378880K, used 16379K [0x00000000e0000000, 0x00000000f8980000, 0x0000000100000000)
  eden space 362496K, 0% used [0x00000000e0000000,0x00000000e0000000,0x00000000f6200000)
  from space 16384K, 99% used [0x00000000f6200000,0x00000000f71fee40,0x00000000f7200000)
  to   space 15872K, 0% used [0x00000000f7200000,0x00000000f7200000,0x00000000f8180000)
 ParOldGen       total 95744K, used 27062K [0x00000000a0000000, 0x00000000a5d80000, 0x00000000e0000000)
  object space 95744K, 28% used [0x00000000a0000000,0x00000000a1a6dae0,0x00000000a5d80000)
 Metaspace       used 57518K, capacity 58968K, committed 59028K, reserved 1099776K
  class space    used 7497K, capacity 7887K, committed 7936K, reserved 1048576K
}
Event: 123.410 GC heap before
{Heap before GC invocations=14 (full 3):
 PSYoungGen      total 378880K, used 16379K [0x00000000e0000000, 0x00000000f8980000, 0x0000000100000000)
  eden space 362496K, 0% used [0x00000000e0000000,0x00000000e0000000,0x00000000f6200000)
  from space 16384K, 99% used [0x00000000f6200000,0x00000000f71fee40,0x00000000f7200000)
  to   space 15872K, 0% used [0x00000000f7200000,0x00000000f7200000,0x00000000f8180000)
 ParOldGen       total 95744K, used 27062K [0x00000000a0000000, 0x00000000a5d80000, 0x00000000e0000000)
  object space 95744K, 28% used [0x00000000a0000000,0x00000000a1a6dae0,0x00000000a5d80000)
 Metaspace       used 57518K, capacity 58968K, committed 59028K, reserved 1099776K
  class space    used 7497K, capacity 7887K, committed 7936K, reserved 1048576K
Event: 123.880 GC heap after
Heap after GC invocations=14 (full 3):
 PSYoungGen      total 378880K, used 0K [0x00000000e0000000, 0x00000000f8980000, 0x0000000100000000)
  eden space 362496K, 0% used [0x00000000e0000000,0x00000000e0000000,0x00000000f6200000)
  from space 16384K, 0% used [0x00000000f6200000,0x00000000f6200000,0x00000000f7200000)
  to   space 15872K, 0% used [0x00000000f7200000,0x00000000f7200000,0x00000000f8180000)
 ParOldGen       total 143360K, used 39525K [0x00000000a0000000, 0x00000000a8c00000, 0x00000000e0000000)
  object space 143360K, 27% used [0x00000000a0000000,0x00000000a2699438,0x00000000a8c00000)
 Metaspace       used 57480K, capacity 58862K, committed 59028K, reserved 1099776K
  class space    used 7485K, capacity 7873K, committed 7936K, reserved 1048576K
}

Deoptimization events (10 events):
Event: 125.491 Thread 0x000000001b17e800 Uncommon trap: reason=class_check action=maybe_recompile pc=0x0000000004badb90 method=org.gradle.internal.logging.text.AbstractLineChoppingStyledTextOutput$StateContext.flushLineText()V @ 110
Event: 125.491 Thread 0x000000001b17e800 Uncommon trap: reason=class_check action=maybe_recompile pc=0x0000000004badb90 method=org.gradle.internal.logging.text.AbstractLineChoppingStyledTextOutput$StateContext.flushLineText()V @ 110
Event: 125.521 Thread 0x000000001b17e800 Uncommon trap: reason=class_check action=maybe_recompile pc=0x0000000005e19ff0 method=org.gradle.model.internal.type.ModelType.wrap(Ljava/lang/reflect/Type;)Lorg/gradle/model/internal/type/TypeWrapper; @ 33
Event: 125.521 Thread 0x000000001b17e800 Uncommon trap: reason=class_check action=maybe_recompile pc=0x0000000005e1a1a4 method=org.gradle.model.internal.type.ModelType.wrap(Ljava/lang/reflect/Type;)Lorg/gradle/model/internal/type/TypeWrapper; @ 83
Event: 125.525 Thread 0x000000001b17e800 Uncommon trap: reason=class_check action=maybe_recompile pc=0x0000000005e19ff0 method=org.gradle.model.internal.type.ModelType.wrap(Ljava/lang/reflect/Type;)Lorg/gradle/model/internal/type/TypeWrapper; @ 33
Event: 125.525 Thread 0x000000001b17e800 Uncommon trap: reason=class_check action=maybe_recompile pc=0x0000000005e1a1a4 method=org.gradle.model.internal.type.ModelType.wrap(Ljava/lang/reflect/Type;)Lorg/gradle/model/internal/type/TypeWrapper; @ 83
Event: 125.856 Thread 0x000000001b17e800 Uncommon trap: reason=unstable_if action=reinterpret pc=0x0000000005b51390 method=java.lang.reflect.AccessibleObject.setAccessible0(Ljava/lang/reflect/AccessibleObject;Z)V @ 23
Event: 125.856 Thread 0x000000001b17e800 Uncommon trap: reason=array_check action=maybe_recompile pc=0x0000000005f0fbdc method=java.util.ComparableTimSort.mergeLo(IIII)V @ 587
Event: 125.856 Thread 0x000000001b17e800 Uncommon trap: reason=array_check action=maybe_recompile pc=0x0000000005f0fe4c method=java.util.ComparableTimSort.mergeLo(IIII)V @ 371
Event: 125.856 Thread 0x000000001b17e800 Uncommon trap: reason=array_check action=maybe_recompile pc=0x0000000005f0fe4c method=java.util.ComparableTimSort.mergeLo(IIII)V @ 371

Classes redefined (0 events):
No events

Internal exceptions (10 events):
Event: 125.889 Thread 0x000000001b17e800 Exception <a 'java/lang/ClassNotFoundException': org/jetbrains/plugins/gradle/model/ear/EarConfigurationBeanInfo> (0x00000000e3873ea0) thrown at [D:\src\AOSP-openjdk-cygwin\jdk8u\hotspot\src\share\vm\classfile\systemDictionary.cpp, line 210]
Event: 125.889 Thread 0x000000001b17e800 Exception <a 'java/lang/ClassNotFoundException': org/jetbrains/plugins/gradle/model/ear/EarConfigurationCustomizer> (0x00000000e3883170) thrown at [D:\src\AOSP-openjdk-cygwin\jdk8u\hotspot\src\share\vm\classfile\systemDictionary.cpp, line 210]
Event: 125.901 Thread 0x000000001b17e800 Exception <a 'java/lang/ClassNotFoundException': org/jetbrains/plugins/gradle/model/scala/ScalaModelBeanInfo> (0x00000000e38bcb28) thrown at [D:\src\AOSP-openjdk-cygwin\jdk8u\hotspot\src\share\vm\classfile\systemDictionary.cpp, line 210]
Event: 125.904 Thread 0x000000001b17e800 Exception <a 'java/lang/ClassNotFoundException': org/jetbrains/plugins/gradle/model/scala/ScalaModelCustomizer> (0x00000000e38cb7c8) thrown at [D:\src\AOSP-openjdk-cygwin\jdk8u\hotspot\src\share\vm\classfile\systemDictionary.cpp, line 210]
Event: 125.908 Thread 0x000000001b17e800 Exception <a 'java/lang/ClassNotFoundException': org/jetbrains/plugins/gradle/model/ExternalProjectBeanInfo> (0x00000000e38f5a70) thrown at [D:\src\AOSP-openjdk-cygwin\jdk8u\hotspot\src\share\vm\classfile\systemDictionary.cpp, line 210]
Event: 125.909 Thread 0x000000001b17e800 Exception <a 'java/lang/ClassNotFoundException': org/jetbrains/plugins/gradle/model/ExternalProjectCustomizer> (0x00000000e39043e0) thrown at [D:\src\AOSP-openjdk-cygwin\jdk8u\hotspot\src\share\vm\classfile\systemDictionary.cpp, line 210]
Event: 125.911 Thread 0x000000001b17e800 Exception <a 'java/lang/ClassNotFoundException': org/jetbrains/plugins/gradle/model/ExternalProjectPreviewBeanInfo> (0x00000000e39418c0) thrown at [D:\src\AOSP-openjdk-cygwin\jdk8u\hotspot\src\share\vm\classfile\systemDictionary.cpp, line 210]
Event: 125.912 Thread 0x000000001b17e800 Exception <a 'java/lang/ClassNotFoundException': org/jetbrains/plugins/gradle/model/ExternalProjectPreviewCustomizer> (0x00000000e39513c0) thrown at [D:\src\AOSP-openjdk-cygwin\jdk8u\hotspot\src\share\vm\classfile\systemDictionary.cpp, line 210]
Event: 125.916 Thread 0x000000001b17e800 Exception <a 'java/lang/ClassNotFoundException': org/jetbrains/plugins/gradle/model/IntelliJProjectSettingsBeanInfo> (0x00000000e39810e0) thrown at [D:\src\AOSP-openjdk-cygwin\jdk8u\hotspot\src\share\vm\classfile\systemDictionary.cpp, line 210]
Event: 125.918 Thread 0x000000001b17e800 Exception <a 'java/lang/ClassNotFoundException': org/jetbrains/plugins/gradle/model/IntelliJProjectSettingsCustomizer> (0x00000000e3990bf0) thrown at [D:\src\AOSP-openjdk-cygwin\jdk8u\hotspot\src\share\vm\classfile\systemDictionary.cpp, line 210]

Events (10 events):
Event: 126.461 loading class org/gradle/api/internal/artifacts/configurations/DetachedConfigurationsProvider
Event: 126.461 loading class org/gradle/api/internal/artifacts/configurations/DetachedConfigurationsProvider done
Event: 126.463 loading class org/gradle/api/internal/artifacts/query/DefaultArtifactResolutionQuery$1
Event: 126.463 loading class org/gradle/api/internal/artifacts/query/DefaultArtifactResolutionQuery$1 done
Event: 126.464 loading class org/gradle/api/artifacts/result/ArtifactResolutionResult
Event: 126.464 loading class org/gradle/api/artifacts/result/ArtifactResolutionResult done
Event: 126.464 loading class org/gradle/api/internal/artifacts/result/DefaultArtifactResolutionResult
Event: 126.464 loading class org/gradle/api/internal/artifacts/result/DefaultArtifactResolutionResult done
Event: 126.465 loading class com/google/common/collect/LinkedHashMultimap$1
Event: 126.465 loading class com/google/common/collect/LinkedHashMultimap$1 done


Dynamic libraries:
0x00007ff641780000 - 0x00007ff6417b1000 	C:\Program Files\Android\Android Studio\jre\bin\java.exe
0x00007ffb761f0000 - 0x00007ffb763d0000 	C:\WINDOWS\SYSTEM32\ntdll.dll
0x00007ffb75db0000 - 0x00007ffb75e5e000 	C:\WINDOWS\System32\KERNEL32.DLL
0x00007ffb73430000 - 0x00007ffb73696000 	C:\WINDOWS\System32\KERNELBASE.dll
0x00007ffb75730000 - 0x00007ffb757d1000 	C:\WINDOWS\System32\ADVAPI32.dll
0x00007ffb73be0000 - 0x00007ffb73c7d000 	C:\WINDOWS\System32\msvcrt.dll
0x00007ffb74060000 - 0x00007ffb740bb000 	C:\WINDOWS\System32\sechost.dll
0x00007ffb73720000 - 0x00007ffb7383f000 	C:\WINDOWS\System32\RPCRT4.dll
0x00007ffb76030000 - 0x00007ffb761bf000 	C:\WINDOWS\System32\USER32.dll
0x00007ffb736a0000 - 0x00007ffb736c0000 	C:\WINDOWS\System32\win32u.dll
0x00007ffb75d70000 - 0x00007ffb75d98000 	C:\WINDOWS\System32\GDI32.dll
0x00007ffb725f0000 - 0x00007ffb72783000 	C:\WINDOWS\System32\gdi32full.dll
0x00007ffb73170000 - 0x00007ffb7320b000 	C:\WINDOWS\System32\msvcp_win.dll
0x00007ffb72920000 - 0x00007ffb72a16000 	C:\WINDOWS\System32\ucrtbase.dll
0x00007ffb6aef0000 - 0x00007ffb6b159000 	C:\WINDOWS\WinSxS\amd64_microsoft.windows.common-controls_6595b64144ccf1df_6.0.16299.309_none_15cfd4c4935e6b11\COMCTL32.dll
0x00007ffb73870000 - 0x00007ffb73b78000 	C:\WINDOWS\System32\combase.dll
0x00007ffb72840000 - 0x00007ffb728b2000 	C:\WINDOWS\System32\bcryptPrimitives.dll
0x00007ffb73840000 - 0x00007ffb7386d000 	C:\WINDOWS\System32\IMM32.DLL
0x000000005cbb0000 - 0x000000005cc82000 	C:\Program Files\Android\Android Studio\jre\jre\bin\msvcr100.dll
0x000000005cd90000 - 0x000000005d5cf000 	C:\Program Files\Android\Android Studio\jre\jre\bin\server\jvm.dll
0x00007ffb75da0000 - 0x00007ffb75da8000 	C:\WINDOWS\System32\PSAPI.DLL
0x00007ffb6f620000 - 0x00007ffb6f629000 	C:\WINDOWS\SYSTEM32\WSOCK32.dll
0x00007ffb6f290000 - 0x00007ffb6f2b3000 	C:\WINDOWS\SYSTEM32\WINMM.dll
0x00007ffb69a90000 - 0x00007ffb69a9a000 	C:\WINDOWS\SYSTEM32\VERSION.dll
0x00007ffb75d00000 - 0x00007ffb75d6c000 	C:\WINDOWS\System32\WS2_32.dll
0x00007ffb6f260000 - 0x00007ffb6f28a000 	C:\WINDOWS\SYSTEM32\winmmbase.dll
0x00007ffb73210000 - 0x00007ffb7325a000 	C:\WINDOWS\System32\cfgmgr32.dll
0x00007ffb6f1b0000 - 0x00007ffb6f1bf000 	C:\Program Files\Android\Android Studio\jre\jre\bin\verify.dll
0x00007ffb61fb0000 - 0x00007ffb61fd9000 	C:\Program Files\Android\Android Studio\jre\jre\bin\java.dll
0x00007ffb63100000 - 0x00007ffb63116000 	C:\Program Files\Android\Android Studio\jre\jre\bin\zip.dll
0x00007ffb742d0000 - 0x00007ffb75706000 	C:\WINDOWS\System32\SHELL32.dll
0x00007ffb73ea0000 - 0x00007ffb73f46000 	C:\WINDOWS\System32\shcore.dll
0x00007ffb72a20000 - 0x00007ffb73167000 	C:\WINDOWS\System32\windows.storage.dll
0x00007ffb736c0000 - 0x00007ffb73711000 	C:\WINDOWS\System32\shlwapi.dll
0x00007ffb725b0000 - 0x00007ffb725c1000 	C:\WINDOWS\System32\kernel.appcore.dll
0x00007ffb72560000 - 0x00007ffb725ac000 	C:\WINDOWS\System32\powrprof.dll
0x00007ffb72540000 - 0x00007ffb7255b000 	C:\WINDOWS\System32\profapi.dll
0x00007ffb61f90000 - 0x00007ffb61faa000 	C:\Program Files\Android\Android Studio\jre\jre\bin\net.dll
0x00007ffb71dd0000 - 0x00007ffb71e36000 	C:\WINDOWS\system32\mswsock.dll
0x00007ffb61f70000 - 0x00007ffb61f81000 	C:\Program Files\Android\Android Studio\jre\jre\bin\nio.dll
0x00007ffb62e50000 - 0x00007ffb62e6e000 	C:\Users\Wijayanto A.P\.gradle\native\25\windows-amd64\native-platform.dll
0x00007ffb6d080000 - 0x00007ffb6d08d000 	C:\Program Files\Android\Android Studio\jre\jre\bin\management.dll
0x00007ffb71fa0000 - 0x00007ffb71fb7000 	C:\WINDOWS\SYSTEM32\CRYPTSP.dll
0x00007ffb71970000 - 0x00007ffb719a3000 	C:\WINDOWS\system32\rsaenh.dll
0x00007ffb720a0000 - 0x00007ffb720c5000 	C:\WINDOWS\SYSTEM32\bcrypt.dll
0x00007ffb72470000 - 0x00007ffb72499000 	C:\WINDOWS\SYSTEM32\USERENV.dll
0x00007ffb71f90000 - 0x00007ffb71f9b000 	C:\WINDOWS\SYSTEM32\CRYPTBASE.dll
0x00007ffb71b60000 - 0x00007ffb71b99000 	C:\WINDOWS\SYSTEM32\IPHLPAPI.DLL
0x00007ffb75e60000 - 0x00007ffb75e68000 	C:\WINDOWS\System32\NSI.dll
0x00007ffb6d660000 - 0x00007ffb6d676000 	C:\WINDOWS\SYSTEM32\dhcpcsvc6.DLL
0x00007ffb6dd40000 - 0x00007ffb6dd5a000 	C:\WINDOWS\SYSTEM32\dhcpcsvc.DLL
0x00007ffb61cd0000 - 0x00007ffb61cf4000 	C:\Program Files\Android\Android Studio\jre\jre\bin\sunec.dll
0x00007ffb71ba0000 - 0x00007ffb71c56000 	C:\WINDOWS\SYSTEM32\DNSAPI.dll
0x00007ffb6ad90000 - 0x00007ffb6ad9a000 	C:\Windows\System32\rasadhlp.dll
0x00007ffb6ada0000 - 0x00007ffb6ae10000 	C:\WINDOWS\System32\fwpuclnt.dll
0x00007ffb6ce60000 - 0x00007ffb6ce6b000 	C:\Program Files\Android\Android Studio\jre\jre\bin\sunmscapi.dll
0x00007ffb73260000 - 0x00007ffb7342e000 	C:\WINDOWS\System32\CRYPT32.dll
0x00007ffb725d0000 - 0x00007ffb725e2000 	C:\WINDOWS\System32\MSASN1.dll

VM Arguments:
jvm_args: -Xmx1536m -Dfile.encoding=windows-1252 -Duser.country=US -Duser.language=en -Duser.variant 
java_command: org.gradle.launcher.daemon.bootstrap.GradleDaemon 4.4
java_class_path (initial): C:\Users\Wijayanto A.P\.gradle\wrapper\dists\gradle-4.4-all\9br9xq1tocpiv8o6njlyu5op1\gradle-4.4\lib\gradle-launcher-4.4.jar
Launcher Type: SUN_STANDARD

Environment Variables:
PATH=C:\WINDOWS\system32;C:\WINDOWS;C:\WINDOWS\System32\Wbem;C:\WINDOWS\System32\WindowsPowerShell\v1.0\;C:\Program Files (x86)\NVIDIA Corporation\PhysX\Common;C:\Program Files\dotnet\;C:\Program Files\Microsoft SQL Server\130\Tools\Binn\;%SystemRoot%\system32;%SystemRoot%;%SystemRoot%\System32\Wbem;%SYSTEMROOT%\System32\WindowsPowerShell\v1.0\;C:\Users\Wijayanto A.P\AppData\Local\Microsoft\WindowsApps;;C:\Program Files\Microsoft VS Code\bin
USERNAME=Wijayanto A.P
OS=Windows_NT
PROCESSOR_IDENTIFIER=Intel64 Family 6 Model 69 Stepping 1, GenuineIntel



---------------  S Y S T E M  ---------------

OS: Windows 10.0 , 64 bit Build 16299 (10.0.16299.15)

CPU:total 4 (initial active 4) (2 cores per cpu, 2 threads per core) family 6 model 69 stepping 1, cmov, cx8, fxsr, mmx, sse, sse2, sse3, ssse3, sse4.1, sse4.2, popcnt, avx, avx2, aes, clmul, erms, lzcnt, ht, tsc, tscinvbit, bmi1, bmi2

Memory: 4k page, physical 8298860k(340736k free), swap 34377704k(5712k free)

vm_info: OpenJDK 64-Bit Server VM (25.152-b02) for windows-amd64 JRE (1.8.0_152-release-1024-b02), built by "builder" with MS VC++ 10.0 (VS2010)

time: Sat Apr 07 08:37:51 2018
elapsed time: 126 seconds (0d 0h 2m 6s)

